[debug] [2019-10-24T08:53:04.830Z] ----------------------------------------------------------------------
[debug] [2019-10-24T08:53:04.832Z] Command:       /usr/local/bin/node /usr/local/bin/firebase deploy
[debug] [2019-10-24T08:53:04.832Z] CLI Version:   7.1.1
[debug] [2019-10-24T08:53:04.832Z] Platform:      darwin
[debug] [2019-10-24T08:53:04.832Z] Node Version:  v12.9.1
[debug] [2019-10-24T08:53:04.833Z] Time:          Thu Oct 24 2019 14:23:04 GMT+0530 (India Standard Time)
[debug] [2019-10-24T08:53:04.833Z] ----------------------------------------------------------------------
[debug] 
[debug] [2019-10-24T08:53:04.847Z] > command requires scopes: ["email","openid","https://www.googleapis.com/auth/cloudplatformprojects.readonly","https://www.googleapis.com/auth/firebase","https://www.googleapis.com/auth/cloud-platform"]
[debug] [2019-10-24T08:53:04.847Z] > authorizing via signed-in user
[debug] [2019-10-24T08:53:04.847Z] [iam] checking project csrconcepts for permissions ["firebase.projects.get","firebasehosting.sites.update"]
[debug] [2019-10-24T08:53:04.849Z] > refreshing access token with scopes: ["email","https://www.googleapis.com/auth/cloud-platform","https://www.googleapis.com/auth/cloudplatformprojects.readonly","https://www.googleapis.com/auth/firebase","openid"]
[debug] [2019-10-24T08:53:04.849Z] >>> HTTP REQUEST POST https://www.googleapis.com/oauth2/v3/token  
 <request body omitted>
[debug] [2019-10-24T08:53:05.125Z] <<< HTTP RESPONSE 200
[debug] [2019-10-24T08:53:05.144Z] >>> HTTP REQUEST POST https://cloudresourcemanager.googleapis.com/v1/projects/csrconcepts:testIamPermissions  

[debug] [2019-10-24T08:53:06.959Z] <<< HTTP RESPONSE 200
[debug] [2019-10-24T08:53:06.960Z] >>> HTTP REQUEST GET https://firebase.googleapis.com/v1beta1/projects/csrconcepts  
 
[debug] [2019-10-24T08:53:07.438Z] <<< HTTP RESPONSE 200
[info] 
[info] === Deploying to 'csrconcepts'...
[info] 
[info] i  deploying hosting
[debug] [2019-10-24T08:53:07.441Z] >>> HTTP REQUEST POST https://firebasehosting.googleapis.com/v1beta1/sites/csrconcepts/versions  

